<?xml version="1.0" encoding="UTF-8"?>
<!-- Generated by org.testng.reporters.JUnitXMLReporter -->
<testsuite hostname="INHYTZPC04488" name="ChromeTest" tests="11" failures="0" timestamp="3 Jan 2019 13:10:30 GMT" time="127.101" errors="0">
  <testcase name="Googletesting" time="0.093" classname="automationBed_Google.GV.Settings"/>
  <testcase name="Googletesting" time="0.032" classname="automationBed_Google.GV.Settings"/>
  <testcase name="Googletesting" time="0.015" classname="automationBed_Google.GV.Settings"/>
  <testcase name="Googletesting" time="0.015" classname="automationBed_Google.GV.RefundRequestPerCall"/>
  <testcase name="Googletesting" time="0.032" classname="automationBed_Google.GV.RefundRequestPerCall"/>
  <testcase name="Googletesting" time="0.015" classname="automationBed_Google.GV.InlineClick2Call"/>
  <testcase name="Googletesting" time="0.031" classname="automationBed_Google.GV.InlineClick2Call"/>
  <testcase name="Googletesting" time="0.016" classname="automationBed_Google.GV.i18nScreens"/>
  <testcase name="Googletesting" time="0.031" classname="automationBed_Google.GV.i18nScreens"/>
  <testcase name="Googletesting" time="0.031" classname="automationBed_Google.GV.i18nScreens"/>
  <testcase name="Googletesting" time="41.773" classname="automationBed_Google.GV.i18nScreens"/>
</testsuite> <!-- ChromeTest -->
